Build started 12/6/2013 10:38:29 AM.
     1>Project "C:\Users\Vasiliy\Documents\GitHub\Moardots\VS Project Folder\PANDEMIC\PANDEMIC.vcxproj" on node 2 (build target(s)).
     1>PrepareForBuild:
         Creating directory "C:\Users\Vasiliy\Documents\GitHub\Moardots\VS Project Folder\Debug\".
       InitializeBuildStatus:
         Creating "Debug\PANDEMIC.unsuccessfulbuild" because "AlwaysCreate" was specified.
       ClCompile:
         c:\Program Files (x86)\Microsoft Visual Studio 10.0\VC\bin\CL.exe /c /ZI /nologo /W3 /WX- /Od /Oy- /D _MBCS /Gm /EHsc /RTC1 /MDd /GS /fp:precise /Zc:wchar_t /Zc:forScope /Fo"Debug\\" /Fd"Debug\vc100.pdb" /Gd /TP /analyze- /errorReport:prompt Driver.cpp
         Driver.cpp
     1>c:\users\vasiliy\documents\github\moardots\vs project folder\pandemic\deck.h(92): warning C4244: 'argument' : conversion from 'time_t' to 'unsigned int', possible loss of data
     1>c:\users\vasiliy\documents\github\moardots\vs project folder\pandemic\deck.h(113): warning C4244: 'argument' : conversion from 'time_t' to 'unsigned int', possible loss of data
       Link:
         c:\Program Files (x86)\Microsoft Visual Studio 10.0\VC\bin\link.exe /ERRORREPORT:PROMPT /OUT:"C:\Users\Vasiliy\Documents\GitHub\Moardots\VS Project Folder\Debug\PANDEMIC.exe" /NOLOGO kernel32.lib user32.lib gdi32.lib winspool.lib comdlg32.lib advapi32.lib shell32.lib ole32.lib oleaut32.lib uuid.lib odbc32.lib odbccp32.lib /MANIFEST /ManifestFile:"Debug\PANDEMIC.exe.intermediate.manifest" /MANIFESTUAC:"level='asInvoker' uiAccess='false'" /DEBUG /PDB:"C:\Users\Vasiliy\Documents\GitHub\Moardots\VS Project Folder\Debug\PANDEMIC.pdb" /TLBID:1 /DYNAMICBASE /NXCOMPAT /IMPLIB:"C:\Users\Vasiliy\Documents\GitHub\Moardots\VS Project Folder\Debug\PANDEMIC.lib" /MACHINE:X86 Debug\Driver.obj
         PANDEMIC.vcxproj -> C:\Users\Vasiliy\Documents\GitHub\Moardots\VS Project Folder\Debug\PANDEMIC.exe
       Manifest:
         C:\Program Files (x86)\Microsoft SDKs\Windows\v7.0A\bin\mt.exe /nologo /verbose /outputresource:"C:\Users\Vasiliy\Documents\GitHub\Moardots\VS Project Folder\Debug\PANDEMIC.exe;#1" /manifest Debug\PANDEMIC.exe.intermediate.manifest
       FinalizeBuildStatus:
         Deleting file "Debug\PANDEMIC.unsuccessfulbuild".
         Touching "Debug\PANDEMIC.lastbuildstate".
     1>Done Building Project "C:\Users\Vasiliy\Documents\GitHub\Moardots\VS Project Folder\PANDEMIC\PANDEMIC.vcxproj" (build target(s)).

Build succeeded.

Time Elapsed 00:00:04.05
