V:\DROPBOX\CSUEB\FALL 2013\CS4310\PROJECT\MOARDOTS\VS PROJECT FOLDER\PANDEMIC\DEBUG\DRIVER.OBJ
V:\DROPBOX\CSUEB\FALL 2013\CS4310\PROJECT\MOARDOTS\VS PROJECT FOLDER\PANDEMIC\DEBUG\VC110.PDB
V:\DROPBOX\CSUEB\FALL 2013\CS4310\PROJECT\MOARDOTS\VS PROJECT FOLDER\DEBUG\PANDEMIC.ILK
V:\DROPBOX\CSUEB\FALL 2013\CS4310\PROJECT\MOARDOTS\VS PROJECT FOLDER\DEBUG\PANDEMIC.EXE
V:\DROPBOX\CSUEB\FALL 2013\CS4310\PROJECT\MOARDOTS\VS PROJECT FOLDER\DEBUG\PANDEMIC.PDB
V:\Dropbox\CSUEB\Fall 2013\CS4310\Project\Moardots\VS Project Folder\PANDEMIC\Debug\Driver.obj
V:\Dropbox\CSUEB\Fall 2013\CS4310\Project\Moardots\VS Project Folder\PANDEMIC\Debug\cl.command.1.tlog
V:\Dropbox\CSUEB\Fall 2013\CS4310\Project\Moardots\VS Project Folder\PANDEMIC\Debug\cl.read.1.tlog
V:\Dropbox\CSUEB\Fall 2013\CS4310\Project\Moardots\VS Project Folder\PANDEMIC\Debug\cl.write.1.tlog
V:\Dropbox\CSUEB\Fall 2013\CS4310\Project\Moardots\VS Project Folder\PANDEMIC\Debug\link-cvtres.read.1.tlog
V:\Dropbox\CSUEB\Fall 2013\CS4310\Project\Moardots\VS Project Folder\PANDEMIC\Debug\link-cvtres.write.1.tlog
V:\Dropbox\CSUEB\Fall 2013\CS4310\Project\Moardots\VS Project Folder\PANDEMIC\Debug\link-rc.read.1.tlog
V:\Dropbox\CSUEB\Fall 2013\CS4310\Project\Moardots\VS Project Folder\PANDEMIC\Debug\link-rc.write.1.tlog
V:\Dropbox\CSUEB\Fall 2013\CS4310\Project\Moardots\VS Project Folder\PANDEMIC\Debug\link.command.1.tlog
V:\Dropbox\CSUEB\Fall 2013\CS4310\Project\Moardots\VS Project Folder\PANDEMIC\Debug\link.read.1.tlog
V:\Dropbox\CSUEB\Fall 2013\CS4310\Project\Moardots\VS Project Folder\PANDEMIC\Debug\link.write.1.tlog
V:\Dropbox\CSUEB\Fall 2013\CS4310\Project\Moardots\VS Project Folder\PANDEMIC\Debug\vc110.idb
V:\Dropbox\CSUEB\Fall 2013\CS4310\Project\Moardots\VS Project Folder\PANDEMIC\Debug\vc110.pdb
V:\Dropbox\CSUEB\Fall 2013\CS4310\Project\Moardots\VS Project Folder\Debug\PANDEMIC.pdb
V:\Dropbox\CSUEB\Fall 2013\CS4310\Project\Moardots\VS Project Folder\Debug\PANDEMIC.exe
V:\Dropbox\CSUEB\Fall 2013\CS4310\Project\Moardots\VS Project Folder\Debug\PANDEMIC.ilk
